[shanjupay-gateway-service][${env:SERVER_PORT}] 2021-07-09 02:03:28,771 INFO [main][PostProcessorRegistrationDelegate.java:330] - Bean 'org.springframework.cloud.autoconfigure.ConfigurationPropertiesRebinderAutoConfiguration' of type [org.springframework.cloud.autoconfigure.ConfigurationPropertiesRebinderAutoConfiguration$$EnhancerBySpringCGLIB$$6a5b1b82] is not eligible for getting processed by all BeanPostProcessors (for example: not eligible for auto-proxying)
[shanjupay-gateway-service][${env:SERVER_PORT}] 2021-07-09 02:03:31,359 INFO [main][NacosPropertySourceBuilder.java:87] - Loading nacos data, dataId: 'jwt.yaml', group: 'COMMON_GROUP'
[shanjupay-gateway-service][${env:SERVER_PORT}] 2021-07-09 02:03:31,392 INFO [main][NacosPropertySourceBuilder.java:87] - Loading nacos data, dataId: 'gateway-service.yaml', group: 'SHANJUPAY_GROUP'
[shanjupay-gateway-service][${env:SERVER_PORT}] 2021-07-09 02:03:31,401 INFO [main][PropertySourceBootstrapConfiguration.java:98] - Located property source: CompositePropertySource {name='NACOS', propertySources=[NacosPropertySource@106557175 {name='gateway-service.yaml', properties={zuul.ignoredServices=*, feign.compression.request.min-request-size=2048, zuul.routes.transaction-service.path=/transaction/**, zuul.sensitiveHeaders=*, feign.compression.response.enabled=true, feign.compression.request.mime-types[1]=application/xml, zuul.routes.uaa-service.stripPrefix=false, zuul.routes.operation-application.stripPrefix=false, zuul.retryable=true, ribbon.ReadTimeout=20000, zuul.routes.operation-application.path=/operation/**, zuul.routes.merchant-application.stripPrefix=false, ribbon.MaxAutoRetriesNextServer=1, hystrix.command.default.execution.isolation.thread.timeoutInMilliseconds=93000, zuul.routes.transaction-service.stripPrefix=false, ribbon.MaxAutoRetries=1, zuul.routes.uaa-service.path=/uaa/**, feign.compression.request.enabled=true, ribbon.ConnectTimeout=3000, zuul.routes.merchant-application.path=/merchant/**, zuul.add-host-header=true, hystrix.command.default.execution.timeout.enabled=true, ribbon.OkToRetryOnAllOperations=false, feign.hystrix.enabled=true, feign.compression.request.mime-types[2]=application/json, ribbon.nacos.enabled=true, feign.compression.request.mime-types[0]=text/xml}}, NacosPropertySource@371976476 {name='jwt.yaml', properties={siging-key=shanju123}}]}
[shanjupay-gateway-service][${env:SERVER_PORT}] 2021-07-09 02:03:31,441 INFO [main][SpringApplication.java:675] - No active profile set, falling back to default profiles: default
[shanjupay-gateway-service][${env:SERVER_PORT}] 2021-07-09 02:03:32,316 WARN [main][EndpointId.java:135] - Endpoint ID 'nacos-config' contains invalid characters, please migrate to a valid format.
[shanjupay-gateway-service][${env:SERVER_PORT}] 2021-07-09 02:03:32,321 WARN [main][EndpointId.java:135] - Endpoint ID 'nacos-discovery' contains invalid characters, please migrate to a valid format.
[shanjupay-gateway-service][${env:SERVER_PORT}] 2021-07-09 02:03:32,625 WARN [main][EndpointId.java:135] - Endpoint ID 'service-registry' contains invalid characters, please migrate to a valid format.
[shanjupay-gateway-service][${env:SERVER_PORT}] 2021-07-09 02:03:32,655 WARN [main][EndpointId.java:135] - Endpoint ID 'hystrix.stream' contains invalid characters, please migrate to a valid format.
[shanjupay-gateway-service][${env:SERVER_PORT}] 2021-07-09 02:03:32,981 INFO [main][GenericScope.java:294] - BeanFactory id=04917c01-1b19-35aa-a4e4-57a0e1167788
[shanjupay-gateway-service][${env:SERVER_PORT}] 2021-07-09 02:03:33,377 INFO [main][PostProcessorRegistrationDelegate.java:330] - Bean 'org.springframework.cloud.autoconfigure.ConfigurationPropertiesRebinderAutoConfiguration' of type [org.springframework.cloud.autoconfigure.ConfigurationPropertiesRebinderAutoConfiguration$$EnhancerBySpringCGLIB$$6a5b1b82] is not eligible for getting processed by all BeanPostProcessors (for example: not eligible for auto-proxying)
[shanjupay-gateway-service][${env:SERVER_PORT}] 2021-07-09 02:03:33,824 INFO [main][TomcatWebServer.java:90] - Tomcat initialized with port(s): 56010 (http)
[shanjupay-gateway-service][${env:SERVER_PORT}] 2021-07-09 02:03:33,845 INFO [main][DirectJDKLog.java:173] - Initializing ProtocolHandler ["http-nio-56010"]
[shanjupay-gateway-service][${env:SERVER_PORT}] 2021-07-09 02:03:33,864 INFO [main][DirectJDKLog.java:173] - Starting service [Tomcat]
[shanjupay-gateway-service][${env:SERVER_PORT}] 2021-07-09 02:03:33,866 INFO [main][DirectJDKLog.java:173] - Starting Servlet engine: [Apache Tomcat/9.0.16]
[shanjupay-gateway-service][${env:SERVER_PORT}] 2021-07-09 02:03:33,880 INFO [main][DirectJDKLog.java:173] - The APR based Apache Tomcat Native library which allows optimal performance in production environments was not found on the java.library.path: [C:\Program Files\Java\jdk1.8.0_291\bin;C:\windows\Sun\Java\bin;C:\windows\system32;C:\windows;C:\PROGRA~1\Java\jdk1.8.0_291\bin;C:\MinGW\bin;C:\Program Files (x86)\Common Files\Intel\Shared Libraries\redist\intel64_win\compiler;C:\Windows\system32;C:\Windows;C:\Windows\System32\Wbem;C:\Windows\System32\WindowsPowerShell\v1.0\;C:\Windows\System32\OpenSSH\;C:\Program Files (x86)\NVIDIA Corporation\PhysX\Common;C:\Program Files\NVIDIA Corporation\NVIDIA NvDLISR;D:\Node.js\;C:\Program Files (x86)\Intel\Intel(R) Management Engine Components\DAL;C:\Program Files\Intel\Intel(R) Management Engine Components\DAL;C:\ProgramData\chocolatey\bin;C:\Users\Lenovo\AppData\Local\Programs\Python\Python37;C:\Users\Lenovo\AppData\Local\Programs\Python\Python37\Scripts;C:\Users\Lenovo\AppData\Local\Microsoft\WindowsApps;C:\Users\Lenovo\AppData\Roaming\npm;C:\windows\;C:\Users\Lenovo\anaconda3\Library\bin\graphviz;C:\Program Files\Pandoc\;D:\MySQL\MySQL Server 8.0\bin;D:\MySQL\maven\apache-maven-3.5.2-bin\apache-maven-3.5.2\bin;D:\MySQL\Git\cmd;D:\Node;D:\Yarn\bin\;C:\Users\Lenovo\IdeaProjects\shanjupay\shanjupay-web\project-juhezhifu-admin-vue\node_modules\.bin;D:\rocketmq\bin;C:\Program Files\MySQL\MySQL Shell 8.0\bin\;C:\Users\Lenovo\AppData\Local\Microsoft\WindowsApps;C:\Users\Lenovo\AppData\Roaming\npm;C:\windows\;C:\Program Files\JetBrains\PyCharm Community Edition 2020.3.3\bin;;C:\Users\Lenovo\AppData\Local\Yarn\bin;.]
[shanjupay-gateway-service][${env:SERVER_PORT}] 2021-07-09 02:03:34,214 INFO [main][DirectJDKLog.java:173] - Initializing Spring embedded WebApplicationContext
[shanjupay-gateway-service][${env:SERVER_PORT}] 2021-07-09 02:03:34,214 INFO [main][ServletWebServerApplicationContext.java:296] - Root WebApplicationContext: initialization completed in 2758 ms
[shanjupay-gateway-service][${env:SERVER_PORT}] 2021-07-09 02:03:34,361 WARN [main][URLConfigurationSource.java:121] - No URLs will be polled as dynamic configuration sources.
[shanjupay-gateway-service][${env:SERVER_PORT}] 2021-07-09 02:03:34,362 INFO [main][URLConfigurationSource.java:122] - To enable URLs as dynamic configuration sources, define System property archaius.configurationSource.additionalUrls or make config.properties available on classpath.
[shanjupay-gateway-service][${env:SERVER_PORT}] 2021-07-09 02:03:34,367 DEBUG [main][HystrixPlugins.java:386] - Created HystrixDynamicProperties. Using class : com.netflix.hystrix.strategy.properties.archaius.HystrixDynamicPropertiesArchaius
[shanjupay-gateway-service][${env:SERVER_PORT}] 2021-07-09 02:03:34,378 INFO [main][DynamicPropertyFactory.java:281] - DynamicPropertyFactory is initialized with configuration sources: com.netflix.config.ConcurrentCompositeConfiguration@7edb6fca
[shanjupay-gateway-service][${env:SERVER_PORT}] 2021-07-09 02:03:39,226 WARN [main][JwtAccessTokenConverter.java:302] - Unable to create an RSA verifier from verifierKey (ignoreable if using MAC)
[shanjupay-gateway-service][${env:SERVER_PORT}] 2021-07-09 02:03:39,309 WARN [main][URLConfigurationSource.java:121] - No URLs will be polled as dynamic configuration sources.
[shanjupay-gateway-service][${env:SERVER_PORT}] 2021-07-09 02:03:39,309 INFO [main][URLConfigurationSource.java:122] - To enable URLs as dynamic configuration sources, define System property archaius.configurationSource.additionalUrls or make config.properties available on classpath.
[shanjupay-gateway-service][${env:SERVER_PORT}] 2021-07-09 02:03:39,331 DEBUG [main][TraversableResolvers.java:60] - Cannot find javax.persistence.Persistence on classpath. Assuming non JPA 2 environment. All properties will per default be traversable.
[shanjupay-gateway-service][${env:SERVER_PORT}] 2021-07-09 02:03:39,332 DEBUG [main][ResourceBundleMessageInterpolator.java:89] - Loaded expression factory via original TCCL
[shanjupay-gateway-service][${env:SERVER_PORT}] 2021-07-09 02:03:39,336 DEBUG [main][TraversableResolvers.java:60] - Cannot find javax.persistence.Persistence on classpath. Assuming non JPA 2 environment. All properties will per default be traversable.
[shanjupay-gateway-service][${env:SERVER_PORT}] 2021-07-09 02:03:39,337 DEBUG [main][ConfigurationImpl.java:148] - Setting custom MessageInterpolator of type org.springframework.validation.beanvalidation.LocaleContextMessageInterpolator
[shanjupay-gateway-service][${env:SERVER_PORT}] 2021-07-09 02:03:39,338 DEBUG [main][ConfigurationImpl.java:180] - Setting custom ConstraintValidatorFactory of type org.springframework.validation.beanvalidation.SpringConstraintValidatorFactory
[shanjupay-gateway-service][${env:SERVER_PORT}] 2021-07-09 02:03:39,339 DEBUG [main][ConfigurationImpl.java:194] - Setting custom ParameterNameProvider of type org.springframework.validation.beanvalidation.LocalValidatorFactoryBean$1
[shanjupay-gateway-service][${env:SERVER_PORT}] 2021-07-09 02:03:39,340 DEBUG [main][ValidationXmlParser.java:120] - Trying to load META-INF/validation.xml for XML based Validator configuration.
[shanjupay-gateway-service][${env:SERVER_PORT}] 2021-07-09 02:03:39,341 DEBUG [main][ResourceLoaderHelper.java:53] - Trying to load META-INF/validation.xml via user class loader
[shanjupay-gateway-service][${env:SERVER_PORT}] 2021-07-09 02:03:39,341 DEBUG [main][ResourceLoaderHelper.java:60] - Trying to load META-INF/validation.xml via TCCL
[shanjupay-gateway-service][${env:SERVER_PORT}] 2021-07-09 02:03:39,341 DEBUG [main][ResourceLoaderHelper.java:66] - Trying to load META-INF/validation.xml via Hibernate Validator's class loader
[shanjupay-gateway-service][${env:SERVER_PORT}] 2021-07-09 02:03:39,342 DEBUG [main][ValidationXmlParser.java:127] - No META-INF/validation.xml found. Using annotation based configuration only.
[shanjupay-gateway-service][${env:SERVER_PORT}] 2021-07-09 02:03:39,348 DEBUG [main][ValidatorFactoryImpl.java:578] - HV000234: Using org.springframework.validation.beanvalidation.LocaleContextMessageInterpolator as ValidatorFactory-scoped message interpolator.
[shanjupay-gateway-service][${env:SERVER_PORT}] 2021-07-09 02:03:39,348 DEBUG [main][ValidatorFactoryImpl.java:579] - HV000234: Using org.hibernate.validator.internal.engine.resolver.TraverseAllTraversableResolver as ValidatorFactory-scoped traversable resolver.
[shanjupay-gateway-service][${env:SERVER_PORT}] 2021-07-09 02:03:39,349 DEBUG [main][ValidatorFactoryImpl.java:580] - HV000234: Using org.hibernate.validator.internal.util.ExecutableParameterNameProvider as ValidatorFactory-scoped parameter name provider.
[shanjupay-gateway-service][${env:SERVER_PORT}] 2021-07-09 02:03:39,349 DEBUG [main][ValidatorFactoryImpl.java:581] - HV000234: Using org.hibernate.validator.internal.engine.DefaultClockProvider as ValidatorFactory-scoped clock provider.
[shanjupay-gateway-service][${env:SERVER_PORT}] 2021-07-09 02:03:39,349 DEBUG [main][ValidatorFactoryImpl.java:582] - HV000234: Using org.hibernate.validator.internal.engine.scripting.DefaultScriptEvaluatorFactory as ValidatorFactory-scoped script evaluator factory.
[shanjupay-gateway-service][${env:SERVER_PORT}] 2021-07-09 02:03:39,531 INFO [main][ExecutorConfigurationSupport.java:171] - Initializing ExecutorService 'applicationTaskExecutor'
[shanjupay-gateway-service][${env:SERVER_PORT}] 2021-07-09 02:03:39,699 INFO [main][ExecutorConfigurationSupport.java:171] - Initializing ExecutorService
[shanjupay-gateway-service][${env:SERVER_PORT}] 2021-07-09 02:03:40,021 INFO [main][UserDetailsServiceAutoConfiguration.java:86] - 

Using generated security password: b3203057-9dc2-407a-996d-a0d2dd13ca71

[shanjupay-gateway-service][${env:SERVER_PORT}] 2021-07-09 02:03:40,181 INFO [main][DefaultSecurityFilterChain.java:43] - Creating filter chain: any request, [org.springframework.security.web.context.request.async.WebAsyncManagerIntegrationFilter@f95d64d, org.springframework.security.web.context.SecurityContextPersistenceFilter@2cae5fa7, org.springframework.security.web.header.HeaderWriterFilter@71369e1a, org.springframework.security.web.authentication.logout.LogoutFilter@104a287c, org.springframework.security.oauth2.provider.authentication.OAuth2AuthenticationProcessingFilter@9281d19, org.springframework.security.web.savedrequest.RequestCacheAwareFilter@d6b532f, org.springframework.security.web.servletapi.SecurityContextHolderAwareRequestFilter@beabd6b, org.springframework.security.web.authentication.AnonymousAuthenticationFilter@288728e, org.springframework.security.web.session.SessionManagementFilter@39f42d0e, org.springframework.security.web.access.ExceptionTranslationFilter@4f64d9cb, org.springframework.security.web.access.intercept.FilterSecurityInterceptor@5cce40d7]
[shanjupay-gateway-service][${env:SERVER_PORT}] 2021-07-09 02:03:40,187 INFO [main][DefaultSecurityFilterChain.java:43] - Creating filter chain: any request, [org.springframework.security.web.context.request.async.WebAsyncManagerIntegrationFilter@1de5cc88, org.springframework.security.web.context.SecurityContextPersistenceFilter@3ca17943, org.springframework.security.web.header.HeaderWriterFilter@7308c820, org.springframework.security.web.authentication.logout.LogoutFilter@c0c8f96, org.springframework.security.web.savedrequest.RequestCacheAwareFilter@640c216b, org.springframework.security.web.servletapi.SecurityContextHolderAwareRequestFilter@5170bc02, org.springframework.security.web.authentication.AnonymousAuthenticationFilter@23e2c1ca, org.springframework.security.web.session.SessionManagementFilter@5d601832, org.springframework.security.web.access.ExceptionTranslationFilter@74a58a06, org.springframework.security.web.access.intercept.FilterSecurityInterceptor@4e4894d]
[shanjupay-gateway-service][${env:SERVER_PORT}] 2021-07-09 02:03:40,284 INFO [main][EndpointLinksResolver.java:59] - Exposing 2 endpoint(s) beneath base path '/actuator'
[shanjupay-gateway-service][${env:SERVER_PORT}] 2021-07-09 02:03:42,100 INFO [main][ZuulFilterInitializer.java:65] - Starting filter initializer
[shanjupay-gateway-service][${env:SERVER_PORT}] 2021-07-09 02:03:42,348 INFO [main][DirectJDKLog.java:173] - Starting ProtocolHandler ["http-nio-56010"]
[shanjupay-gateway-service][${env:SERVER_PORT}] 2021-07-09 02:03:42,420 INFO [main][TomcatWebServer.java:204] - Tomcat started on port(s): 56010 (http) with context path ''
[shanjupay-gateway-service][${env:SERVER_PORT}] 2021-07-09 02:03:42,445 INFO [main][NacosServiceRegistry.java:62] - nacos registry, gateway-service 192.168.1.6:56010 register finished
[shanjupay-gateway-service][${env:SERVER_PORT}] 2021-07-09 02:03:42,459 INFO [main][StartupInfoLogger.java:59] - Started GatewayBootstrap in 17.052 seconds (JVM running for 20.929)
[shanjupay-gateway-service][${env:SERVER_PORT}] 2021-07-09 02:03:46,828 INFO [RMI TCP Connection(4)-192.168.1.6][DirectJDKLog.java:173] - Initializing Spring DispatcherServlet 'dispatcherServlet'
[shanjupay-gateway-service][${env:SERVER_PORT}] 2021-07-09 02:03:46,828 INFO [RMI TCP Connection(4)-192.168.1.6][FrameworkServlet.java:524] - Initializing Servlet 'dispatcherServlet'
[shanjupay-gateway-service][${env:SERVER_PORT}] 2021-07-09 02:03:46,840 INFO [RMI TCP Connection(4)-192.168.1.6][FrameworkServlet.java:546] - Completed initialization in 12 ms
